Arguments: 
  /Users/danielcender/.nvm/versions/node/v10.9.0/bin/node /usr/local/Cellar/yarn/1.7.0/libexec/bin/yarn.js install

PATH: 
  /Users/danielcender/.nvm/versions/node/v10.9.0/bin:/usr/local/bin:/usr/bin:/bin:/usr/sbin:/sbin:/usr/local/share/dotnet:~/.dotnet/tools:/Library/Frameworks/Mono.framework/Versions/Current/Commands

Yarn version: 
  1.7.0

Node version: 
  10.9.0

Platform: 
  darwin x64

Trace: 
  Error: https://registry.yarnpkg.com/@babel%2fenv: Not found
      at Request.params.callback [as _callback] (/usr/local/Cellar/yarn/1.7.0/libexec/lib/cli.js:65656:18)
      at Request.self.callback (/usr/local/Cellar/yarn/1.7.0/libexec/lib/cli.js:134675:22)
      at Request.emit (events.js:182:13)
      at Request.<anonymous> (/usr/local/Cellar/yarn/1.7.0/libexec/lib/cli.js:135658:10)
      at Request.emit (events.js:182:13)
      at IncomingMessage.<anonymous> (/usr/local/Cellar/yarn/1.7.0/libexec/lib/cli.js:135578:12)
      at Object.onceWrapper (events.js:273:13)
      at IncomingMessage.emit (events.js:187:15)
      at endReadableNT (_stream_readable.js:1085:12)
      at process._tickCallback (internal/process/next_tick.js:63:19)

npm manifest: 
  {
  	"name": "expensify-app",
  	"version": "1.0.0",
  	"main": "index.js",
  	"author": "Daniel Cender",
  	"license": "MIT",
  	"scripts": {
  		"serve": "live-server public/",
  		"build:dev": "webpack",
  		"build:prod": "webpack -p --env production",
  		"dev-server": "webpack-dev-server",
  		"test": "jest"
  	},
  	"dependencies": {
  		"@babel/preset-env": "^7.0.0",
  		"@babel/env": "1.5.2",
  		"@babel/react": "6.24.1",
  		"css-loader": "^1.0.0",
  		"enzyme": "^3.6.0",
  		"enzyme-adapter-react-16": "^1.5.0",
  		"enzyme-to-json": "^3.3.4",
  		"jest": "^23.6.0",
  		"live-server": "^1.2.0",
  		"mini-css-extract-plugin": "^0.4.2",
  		"moment": "^2.22.2",
  		"node-sass": "^4.9.3",
  		"normalize-css": "^2.3.1",
  		"optimize-css-assets-webpack-plugin": "^5.0.1",
  		"prettier": "^1.14.2",
  		"raf": "^3.4.0",
  		"react": "16.0.0",
  		"react-addons-shallow-compare": "^15.6.2",
  		"react-dates": "^18.0.2",
  		"react-dom": "16.0.0",
  		"react-modal": "^3.5.1",
  		"react-redux": "^5.0.7",
  		"react-router-dom": "4.1.2",
  		"redux": "^4.0.0",
  		"sass-loader": "^7.1.0",
  		"style-loader": "^0.23.0",
  		"uuid": "^3.3.2",
  		"webpack-dev-server": "^3.1.8"
  	},
  	"devDependencies": {
  		"@babel/cli": "^6.26.0",
  		"@babel/core": "^7.0.1",
  		"@babel/plugin-proposal-class-properties": "^7.0.0",
  		"@babel/plugin-syntax-object-rest-spread": "^7.0.0",
  		"webpack": "^4.18.1",
  		"webpack-cli": "^3.1.0"
  	},
  	"jest": {
  		"setupFiles": [
  			"raf/polyfill",
  			"<rootDir>/src/tests/setupTests.js"
  		],
  		"snapshotSerializers": [
  			"enzyme-to-json/serializer"
  		]
  	}
  }

yarn manifest: 
  No manifest

Lockfile: 
  No lockfile
